07-16 15:34:21 replicate_layout.action_replicate_layout 305:Plugin executed on: 'win32'
07-16 15:34:21 replicate_layout.action_replicate_layout 306:Plugin executed with python version: '2.7.16 (default, Aug 15 2019, 17:51:40)  [GCC 9.2.0 64 bit (AMD64)]'
07-16 15:34:21 replicate_layout.action_replicate_layout 307:KiCad build version: (5.1.6)-1
07-16 15:34:21 replicate_layout.action_replicate_layout 308:Replicate layout plugin version: 68 started
07-16 15:34:21 replicate_layout.action_replicate_layout 319:wx top level windows: wxWindowList: [<wx._windows.Frame; proxy of <Swig Object of type 'wxFrame *' at 0x32355e0> >, <wx._windows.Frame; proxy of <Swig Object of type 'wxFrame *' at 0x13fdfc0> >, <wx._windows.Frame; proxy of <Swig Object of type 'wxFrame *' at 0x7df3050> >, <wx._windows.Frame; proxy of <Swig Object of type 'wxFrame *' at 0x945c7e0> >, <wx._windows.Frame; proxy of <Swig Object of type 'wxFrame *' at 0x945c100> >, <replicate_layout.action_replicate_layout.ReplicateLayoutDialog; proxy of <Swig Object of type 'wxDialog *' at 0x83c1bb0> >, <replicate_layout.action_replicate_layout.ReplicateLayoutDialog; proxy of <Swig Object of type 'wxDialog *' at 0x83c0ef0> >, <replicate_layout.action_replicate_layout.ReplicateLayoutDialog; proxy of <Swig Object of type 'wxDialog *' at 0x83c0230> >, <wx._windows.Frame; proxy of <Swig Object of type 'wxFrame *' at 0xafee040> >, <wx._windows.Frame; proxy of <Swig Object of type 'wxFrame *' at 0x945cec0> >, <replicate_layout.action_replicate_layout.ReplicateLayoutDialog; proxy of <Swig Object of type 'wxDialog *' at 0x83c2870> >]
07-16 15:34:21 replicate_layout.action_replicate_layout 343:Preparing replicator with L2 as a reference
07-16 15:34:21 replicate_layout.replicatelayout 215:getting project hierarchy from schematics
07-16 15:34:21 replicate_layout.replicatelayout 217:Project hierarchy looks like:
{u'5F156100': [u'Sensing_Network_1', u'D:\\OneDrive\\OneDrive - stud.hs-emden-leer.de\\Arbeit\\arithmetics\\locator-capacitive-sensor-module\\locator-capacitive-sensor-module\\Sensing_Network.sch'], u'5F1662AF': [u'Sensing_Network_2', u'D:\\OneDrive\\OneDrive - stud.hs-emden-leer.de\\Arbeit\\arithmetics\\locator-capacitive-sensor-module\\locator-capacitive-sensor-module\\Sensing_Network.sch']}
07-16 15:34:21 replicate_layout.replicatelayout 225:getting a list of all footprints on board
07-16 15:34:21 replicate_layout.action_replicate_layout 370:source anchor footprint is u'L2'
Located on:[u'Sensing_Network_2']
With filenames:[u'Sensing_Network.sch']
With sheet_id:[u'Sensing_Network_2']
07-16 15:34:21 replicate_layout.action_replicate_layout 374:Corresponding footprints are 
[(u'L2', [u'Sensing_Network_2']), (u'L1', [u'Sensing_Network_1'])]
07-16 15:34:21 replicate_layout.action_replicate_layout 387:Showing dialog
07-16 15:34:21 replicate_layout.action_replicate_layout 391:Pcbnew position: wx.Point(-8, -8)
07-16 15:34:21 replicate_layout.action_replicate_layout 397:Display 0: wx.Rect(0, 0, 1920, 1080)
07-16 15:34:21 replicate_layout.action_replicate_layout 397:Display 1: wx.Rect(-900, -273, 900, 1440)
07-16 15:34:21 replicate_layout.action_replicate_layout 397:Display 2: wx.Rect(1920, 0, 1920, 1080)
07-16 15:34:21 replicate_layout.action_replicate_layout 401:Toolbar position: wx.Point(1722, 121)
07-16 15:34:21 replicate_layout.action_replicate_layout 408:Dialog position: wx.Point(1409, 121)
07-16 15:34:23 replicate_layout.replicatelayout 249:construcing a list of sheets suitable for replication on level:u'Sensing_Network_2', file:u'Sensing_Network.sch'
07-16 15:34:23 replicate_layout.replicatelayout 256:Source sheet path up to the level:[u'Sensing_Network_2']
07-16 15:34:23 replicate_layout.replicatelayout 260:Footprints on the sheets:
[u'L2', u'L1']
07-16 15:34:23 replicate_layout.replicatelayout 263:Footprints raw sheet ids:
[u'/5F1662AF/5F15F92E', u'/5F156100/5F15F92E']
07-16 15:34:23 replicate_layout.replicatelayout 279:All sheets to replicate:
[[u'Sensing_Network_2'], [u'Sensing_Network_1']]
07-16 15:34:23 replicate_layout.replicatelayout 284:All sheets to replicate sorted:
[[u'Sensing_Network_1'], [u'Sensing_Network_2']]
07-16 15:34:23 replicate_layout.replicatelayout 290:All sheets to replicate sorted and without source sheet:
[[u'Sensing_Network_1']]
07-16 15:34:31 replicate_layout.replicatelayout 249:construcing a list of sheets suitable for replication on level:u'Sensing_Network_2', file:u'Sensing_Network.sch'
07-16 15:34:31 replicate_layout.replicatelayout 256:Source sheet path up to the level:[u'Sensing_Network_2']
07-16 15:34:31 replicate_layout.replicatelayout 260:Footprints on the sheets:
[u'L2', u'L1']
07-16 15:34:31 replicate_layout.replicatelayout 263:Footprints raw sheet ids:
[u'/5F1662AF/5F15F92E', u'/5F156100/5F15F92E']
07-16 15:34:31 replicate_layout.replicatelayout 279:All sheets to replicate:
[[u'Sensing_Network_2'], [u'Sensing_Network_1']]
07-16 15:34:31 replicate_layout.replicatelayout 284:All sheets to replicate sorted:
[[u'Sensing_Network_1'], [u'Sensing_Network_2']]
07-16 15:34:31 replicate_layout.replicatelayout 290:All sheets to replicate sorted and without source sheet:
[[u'Sensing_Network_1']]
07-16 15:34:31 replicate_layout.action_replicate_layout 179:Replicating layout
07-16 15:34:31 replicate_layout.replicatelayout 990:Starting replication of sheets: [[u'Sensing_Network_1']]
on level: [u'Sensing_Network_2']
with tracks=True, zone=True, text=True, containing=True, remove=True, locked=False
07-16 15:34:31 root 261:updating GUI message: 'Preparing for replication'
07-16 15:34:31 replicate_layout.replicatelayout 556:Getting the list of source footprints
07-16 15:34:31 replicate_layout.replicatelayout 560:Getting the list of all the remaining footprints
07-16 15:34:31 replicate_layout.replicatelayout 564:Getting nets local to source footprints
07-16 15:34:31 replicate_layout.replicatelayout 568:Getting source bounding box
07-16 15:34:31 replicate_layout.replicatelayout 572:Getting source tracks
07-16 15:34:31 replicate_layout.replicatelayout 576:Getting source zones
07-16 15:34:31 root 266:updating GUI with: 62
07-16 15:34:31 replicate_layout.replicatelayout 580:Getting source text items
07-16 15:34:31 replicate_layout.replicatelayout 584:Getting source text items
07-16 15:34:31 replicate_layout.replicatelayout 1018:Removing tracks and zones, before module placement
07-16 15:34:31 root 261:updating GUI message: 'Removing zones and tracks'
07-16 15:34:31 root 261:updating GUI message: 'Replicating footprints'
07-16 15:34:31 replicate_layout.replicatelayout 590:Replicating footprints
07-16 15:34:31 replicate_layout.replicatelayout 596:Replicating footprints on sheet [u'Sensing_Network_1']
07-16 15:34:31 replicate_layout.replicatelayout 1026:Removing tracks and zones, after module placement
07-16 15:34:31 root 261:updating GUI message: 'Removing zones and tracks'
07-16 15:34:31 root 261:updating GUI message: 'Replicating tracks'
07-16 15:34:31 root 266:updating GUI with: 0
07-16 15:34:31 replicate_layout.replicatelayout 716:Replicating tracks
07-16 15:34:31 replicate_layout.replicatelayout 722:Replicating tracks on sheet [u'Sensing_Network_1']
07-16 15:34:31 root 261:updating GUI message: 'Replicating zones'
07-16 15:34:31 replicate_layout.replicatelayout 767:Replicating zones
07-16 15:34:31 replicate_layout.replicatelayout 774:Replicating zones on sheet [u'Sensing_Network_1']
07-16 15:34:31 root 261:updating GUI message: 'Replicating text'
07-16 15:34:31 replicate_layout.replicatelayout 833:Replicating text
07-16 15:34:31 replicate_layout.replicatelayout 840:Replicating text on sheet [u'Sensing_Network_1']
07-16 15:34:31 root 261:updating GUI message: 'Replicating drawings'
07-16 15:34:31 replicate_layout.replicatelayout 864:Replicating drawings
07-16 15:34:31 replicate_layout.replicatelayout 870:Replicating drawings on sheet [u'Sensing_Network_1']
07-16 15:34:31 replicate_layout.action_replicate_layout 201:Replication complete
